================================================================================================
MULTI-SEED DUAL-METRIC ABLATION  gpd=8  32 GPUs (4 dom)  bw=5 GB/s  dpu=20500 B/us  seeds=[0, 1, 2, 3, 4, 5]
================================================================================================

ANCHOR (seed 0): cap=541 (locked 541)   C3c gain=+17.49% (locked +17.49%)
ANCHOR OK

seed 0  cap= 541 | C1 L1= 598.0( +5.4%) L2=  895315( +6.1%)  C3c L1= 466.0(+26.3%) L2=  786443(+17.5%)
seed 1  cap= 408 | C1 L1= 441.0( +2.9%) L2=  694434(+14.4%)  C3c L1= 454.0( +0.0%) L2=  676200(+16.6%)
seed 2  cap= 498 | C1 L1= 538.2( +0.5%) L2=  774696( +8.3%)  C3c L1= 439.0(+18.9%) L2=  723120(+14.4%)
seed 3  cap= 486 | C1 L1= 572.8( +0.4%) L2=  822531( +5.2%)  C3c L1= 451.0(+21.6%) L2=  753638(+13.2%)
seed 4  cap= 418 | C1 L1= 455.6( +2.0%) L2=  673148( -0.5%)  C3c L1= 465.0( +0.0%) L2=  669715( +0.0%)
seed 5  cap= 424 | C1 L1= 477.6( +0.5%) L2=  703817( +1.8%)  C3c L1= 480.0( +0.0%) L2=  716634( +0.0%)

================================================================================================
AGGREGATE OVER 6 SEEDS
================================================================================================
cfg     dL1 mean      min      max   dL2 mean      min      max     >=C0
------------------------------------------------------------------------------------------------
C0         0.00%    0.00%    0.00%      0.00%    0.00%    0.00%     6/6
C2         0.00%    0.00%    0.00%      0.00%    0.00%    0.00%     6/6
C1         1.94%    0.38%    5.38%      5.88%   -0.51%   14.36%     5/6
C3n       17.40%   11.67%   26.27%      6.94%   -9.74%   17.49%     4/6
C3c       11.11%    0.00%   26.27%     10.29%    0.00%   17.49%     6/6
------------------------------------------------------------------------------------------------
C3n == C3c (identical cycles) on 3 of 6 seeds
  seed 0  L1 order C3c < C1 < C2 | L2 order C3c < C1 < C2 | match True
  seed 1  L1 order C1 < C2 < C3c | L2 order C3c < C1 < C2 | match False
  seed 2  L1 order C3c < C1 < C2 | L2 order C3c < C1 < C2 | match True
  seed 3  L1 order C3c < C1 < C2 | L2 order C3c < C1 < C2 | match True
  seed 4  L1 order C1 < C2 < C3c | L2 order C2 < C3c < C1 | match False
  seed 5  L1 order C1 < C2 < C3c | L2 order C1 < C2 < C3c | match True
ORDER MATCH (v0.8 6.3 causal standard): 4 of 6 seeds

wrote /workspace/astra-sim/carts/ablation_gpd8_multiseed_results.csv  (36 rows)
