gpd=8  num_gpus=32  (4 domains)  seed=0  bw=5 GB/s  dpu=20500 B/us
pick_cap -> 541   (locked S25 anchor: 541)

running 9 configs ...
  C0       L1=    632.0   L2=    953146
  C2       L1=    632.0   L2=    953146
  C3n      L1=    466.0   L2=    786443
  C3c      L1=    466.0   L2=    786443
  C1_s0    L1=    632.0   L2=    895925
  C1_s1    L1=    632.0   L2=    953146
  C1_s2    L1=    466.0   L2=    786443
  C1_s3    L1=    628.0   L2=    887915
  C1_s4    L1=    632.0   L2=    953146

ANCHOR CHECK  cost-aware gain vs C0 = +17.49%   (locked +17.49%)
ANCHOR OK

==========================================================================================
DUAL-METRIC ABLATION  gpd=8, 32 GPUs, cap=541, dpu=20500, bw=5, seed=0
==========================================================================================
cfg   description                           L1 load       dL1    L2 cycles       dL2
------------------------------------------------------------------------------------------
C0    baseline                                632.0     0.00%     953146.0     0.00%
C2    placement only, dedup off               632.0     0.00%     953146.0     0.00%
C1    random relay + dedup (5 draws)          598.0     5.38%     895315.0     6.07%
C3n   naive placement (Alg 1) + dedup         466.0    26.27%     786443.0    17.49%
C3c   cost-aware placement (Alg 2) + dedup      466.0    26.27%     786443.0    17.49%
------------------------------------------------------------------------------------------
C1 per-draw L2 : [895925, 953146, 786443, 887915, 953146]
C1 per-draw L1 : [632.0, 632.0, 466.0, 628.0, 632.0]
order L1 (best first, C0 excluded): C3n < C3c < C1 < C2
order L2 (best first, C0 excluded): C3n < C3c < C1 < C2

wrote /workspace/astra-sim/carts/ablation_gpd8_results.csv
