bw= 5 dpu=20500 s0 c0=953146 c4=793680 C4vsC0=+16.73% (NAIVE=17.4898, CA=17.4898)
bw= 5 dpu=50000 s0 c0=953146 c4=789680 C4vsC0=+17.15% (NAIVE=17.4898, CA=17.4898)
bw= 5 dpu=83900 s0 c0=953146 c4=787680 C4vsC0=+17.36% (NAIVE=17.4898, CA=17.4898)
bw=10 dpu=20500 s0 c0=477073 c4=401338 C4vsC0=+15.87% (NAIVE=16.1357, CA=16.1357)
bw=10 dpu=50000 s0 c0=477073 c4=397338 C4vsC0=+16.71% (NAIVE=17.4717, CA=17.4717)
bw=10 dpu=83900 s0 c0=477073 c4=395338 C4vsC0=+17.13% (NAIVE=17.4717, CA=17.4717)
bw=20 dpu=20500 s0 c0=239036 c4=222761 C4vsC0=+6.81% (NAIVE=6.8086, CA=0.0)
bw=20 dpu=50000 s0 c0=239036 c4=201168 C4vsC0=+15.84% (NAIVE=17.4354, CA=17.4354)
bw=20 dpu=83900 s0 c0=239036 c4=199168 C4vsC0=+16.68% (NAIVE=17.4354, CA=17.4354)
bw=50 dpu=20500 s0 c0=96212 c4=117303 C4vsC0=-21.92% (NAIVE=-21.9214, CA=0.0)
bw=50 dpu=50000 s0 c0=96212 c4=90303 C4vsC0=+6.14% (NAIVE=6.1416, CA=0.0)
bw=50 dpu=83900 s0 c0=96212 c4=83303 C4vsC0=+13.42% (NAIVE=13.4172, CA=0.0)
bw= 5 dpu=20500 s1 c0=810858 c4=747563 C4vsC0=+7.81% (NAIVE=8.4211, CA=16.6069)
bw= 5 dpu=50000 s1 c0=810858 c4=740563 C4vsC0=+8.67% (NAIVE=8.4211, CA=8.4211)
bw= 5 dpu=83900 s1 c0=810858 c4=738563 C4vsC0=+8.92% (NAIVE=8.4211, CA=8.4211)
bw=10 dpu=20500 s1 c0=405927 c4=380779 C4vsC0=+6.20% (NAIVE=8.4109, CA=16.5862)
bw=10 dpu=50000 s1 c0=405927 c4=373779 C4vsC0=+7.92% (NAIVE=8.4109, CA=19.2645)
bw=10 dpu=83900 s1 c0=405927 c4=371779 C4vsC0=+8.41% (NAIVE=8.4109, CA=8.4109)
bw=20 dpu=20500 s1 c0=203462 c4=197388 C4vsC0=+2.99% (NAIVE=5.2295, CA=16.5456)
bw=20 dpu=50000 s1 c0=203462 c4=190388 C4vsC0=+6.43% (NAIVE=8.3903, CA=16.5456)
bw=20 dpu=83900 s1 c0=203462 c4=188388 C4vsC0=+7.41% (NAIVE=8.3903, CA=19.2173)
bw=50 dpu=20500 s1 c0=81982 c4=101728 C4vsC0=-24.09% (NAIVE=-24.0858, CA=16.4231)
bw=50 dpu=50000 s1 c0=81982 c4=80353 C4vsC0=+1.99% (NAIVE=3.9692, CA=16.4231)
bw=50 dpu=83900 s1 c0=81982 c4=78353 C4vsC0=+4.43% (NAIVE=8.3287, CA=16.4231)
bw= 5 dpu=20500 s2 c0=845191 c4=729975 C4vsC0=+13.63% (NAIVE=14.443, CA=14.443)
bw= 5 dpu=50000 s2 c0=845191 c4=725975 C4vsC0=+14.11% (NAIVE=14.443, CA=14.443)
bw= 5 dpu=83900 s2 c0=845191 c4=723975 C4vsC0=+14.34% (NAIVE=14.443, CA=14.443)
bw=10 dpu=20500 s2 c0=423094 c4=375922 C4vsC0=+11.15% (NAIVE=11.1493, CA=3.8769)
bw=10 dpu=50000 s2 c0=423094 c4=365485 C4vsC0=+13.62% (NAIVE=14.4261, CA=14.4261)
bw=10 dpu=83900 s2 c0=423094 c4=363485 C4vsC0=+14.09% (NAIVE=14.4261, CA=14.4261)
bw=20 dpu=20500 s2 c0=212046 c4=210461 C4vsC0=+0.75% (NAIVE=1.4888, CA=3.8676)
bw=20 dpu=50000 s2 c0=212046 c4=185242 C4vsC0=+12.64% (NAIVE=13.009, CA=3.8676)
bw=20 dpu=83900 s2 c0=212046 c4=183242 C4vsC0=+13.58% (NAIVE=14.3917, CA=14.3917)
bw=50 dpu=20500 s2 c0=85417 c4=109953 C4vsC0=-28.72% (NAIVE=-28.725, CA=3.84)
bw=50 dpu=50000 s2 c0=85417 c4=85182 C4vsC0=+0.28% (NAIVE=0.5432, CA=3.84)
bw=50 dpu=83900 s2 c0=85417 c4=78182 C4vsC0=+8.47% (NAIVE=8.4702, CA=3.84)
bw= 5 dpu=20500 s3 c0=868078 c4=757968 C4vsC0=+12.68% (NAIVE=13.1831, CA=13.1831)
bw= 5 dpu=50000 s3 c0=868078 c4=753968 C4vsC0=+13.15% (NAIVE=13.1831, CA=13.1831)
bw= 5 dpu=83900 s3 c0=868078 c4=752968 C4vsC0=+13.26% (NAIVE=13.1831, CA=13.1831)
bw=10 dpu=20500 s3 c0=434538 c4=386270 C4vsC0=+11.11% (NAIVE=11.1079, CA=0.0)
bw=10 dpu=50000 s3 c0=434538 c4=378983 C4vsC0=+12.78% (NAIVE=13.168, CA=13.168)
bw=10 dpu=83900 s3 c0=434538 c4=377983 C4vsC0=+13.01% (NAIVE=13.168, CA=13.168)
bw=20 dpu=20500 s3 c0=217769 c4=216133 C4vsC0=+0.75% (NAIVE=0.839, CA=0.0)
bw=20 dpu=50000 s3 c0=217769 c4=191489 C4vsC0=+12.07% (NAIVE=12.6905, CA=0.0)
bw=20 dpu=83900 s3 c0=217769 c4=190489 C4vsC0=+12.53% (NAIVE=13.1392, CA=13.1392)
bw=50 dpu=20500 s3 c0=87705 c4=113977 C4vsC0=-29.95% (NAIVE=-29.955, CA=0.0)
bw=50 dpu=50000 s3 c0=87705 c4=88053 C4vsC0=-0.40% (NAIVE=-0.3101, CA=0.0)
bw=50 dpu=83900 s3 c0=87705 c4=80053 C4vsC0=+8.72% (NAIVE=8.7247, CA=0.0)
bw= 5 dpu=20500 s4 c0=669715 c4=737788 C4vsC0=-10.16% (NAIVE=-9.7398, CA=0.0)
bw= 5 dpu=50000 s4 c0=669715 c4=730788 C4vsC0=-9.12% (NAIVE=-9.7398, CA=-9.7398)
bw= 5 dpu=83900 s4 c0=669715 c4=728788 C4vsC0=-8.82% (NAIVE=-9.7398, CA=-9.7398)
bw=10 dpu=20500 s4 c0=335357 c4=375392 C4vsC0=-11.94% (NAIVE=-9.7252, CA=0.0)
bw=10 dpu=50000 s4 c0=335357 c4=368392 C4vsC0=-9.85% (NAIVE=-9.7252, CA=3.3555)
bw=10 dpu=83900 s4 c0=335357 c4=366392 C4vsC0=-9.25% (NAIVE=-9.7252, CA=6.1424)
bw=20 dpu=20500 s4 c0=168177 c4=194194 C4vsC0=-15.47% (NAIVE=-12.8692, CA=0.0)
bw=20 dpu=50000 s4 c0=168177 c4=187194 C4vsC0=-11.31% (NAIVE=-9.6963, CA=0.0)
bw=20 dpu=83900 s4 c0=168177 c4=185194 C4vsC0=-10.12% (NAIVE=-9.6963, CA=0.0)
bw=50 dpu=20500 s4 c0=67870 c4=99926 C4vsC0=-47.23% (NAIVE=-47.2315, CA=0.0)
bw=50 dpu=50000 s4 c0=67870 c4=78475 C4vsC0=-15.63% (NAIVE=-13.3432, CA=0.0)
bw=50 dpu=83900 s4 c0=67870 c4=76475 C4vsC0=-12.68% (NAIVE=-9.6081, CA=0.0)
bw= 5 dpu=20500 s5 c0=716634 c4=737224 C4vsC0=-2.87% (NAIVE=-2.1294, CA=0.0)
bw= 5 dpu=50000 s5 c0=716634 c4=733224 C4vsC0=-2.31% (NAIVE=-2.1294, CA=-2.1294)
bw= 5 dpu=83900 s5 c0=716634 c4=731224 C4vsC0=-2.04% (NAIVE=-2.1294, CA=-2.1294)
bw=10 dpu=20500 s5 c0=358815 c4=373110 C4vsC0=-3.98% (NAIVE=-2.1264, CA=0.0)
bw=10 dpu=50000 s5 c0=358815 c4=369110 C4vsC0=-2.87% (NAIVE=-2.1264, CA=3.0297)
bw=10 dpu=83900 s5 c0=358815 c4=367110 C4vsC0=-2.31% (NAIVE=-2.1264, CA=-2.1264)
bw=20 dpu=20500 s5 c0=179907 c4=200449 C4vsC0=-11.42% (NAIVE=-10.4382, CA=0.0)
bw=20 dpu=50000 s5 c0=179907 c4=187053 C4vsC0=-3.97% (NAIVE=-2.1194, CA=0.0)
bw=20 dpu=83900 s5 c0=179907 c4=185053 C4vsC0=-2.86% (NAIVE=-2.1194, CA=0.0)
bw=50 dpu=20500 s5 c0=72562 c4=104673 C4vsC0=-44.25% (NAIVE=-44.2532, CA=0.0)
bw=50 dpu=50000 s5 c0=72562 c4=81979 C4vsC0=-12.98% (NAIVE=-11.178, CA=0.0)
bw=50 dpu=83900 s5 c0=72562 c4=75820 C4vsC0=-4.49% (NAIVE=-3.3309, CA=0.0)

[saved] /workspace/astra-sim/carts/c4_always_dedup_results.csv (72 rows, 3.7s)

  bw |    dpu |   C4 mean | C4>=C0 |  CA mean
   5 |  20500 |    +6.30% | 4/6   |  +10.29%
   5 |  50000 |    +6.94% | 4/6   |   +6.94%
   5 |  83900 |    +7.17% | 4/6   |   +6.94%
  10 |  20500 |    +4.73% | 4/6   |   +6.10%
  10 |  50000 |    +6.39% | 4/6   |  +11.79%
  10 |  83900 |    +6.85% | 4/6   |   +9.58%
  20 |  20500 |    -2.60% | 4/6   |   +3.40%
  20 |  50000 |    +5.28% | 4/6   |   +6.31%
  20 |  83900 |    +6.20% | 4/6   |  +10.70%
  50 |  20500 |   -32.70% | 0/6   |   +3.38%
  50 |  50000 |    -3.43% | 3/6   |   +3.38%
  50 |  83900 |    +2.98% | 4/6   |   +3.38%
