====================================================================================================
sensitivity sweep | gpd=8 num_gpus=32 (4 dom) | seeds=[0, 1, 2, 3, 4, 5] | bw=[5, 10, 20, 50] GB/s | dpu=[20500, 50000, 83900]
per-seed caps (regime-independent): {0: 541, 1: 408, 2: 498, 3: 486, 4: 418, 5: 424}
====================================================================================================
  bw |     dpu | NEWvsC0 mean |     min |     max |  NEW>=C0 | OLDvsC0 mean
----------------------------------------------------------------------------------------------------
   5 |   20500 |      +10.29% |  +0.00% | +17.49% |      6/6 |       +6.94%
   5 |   50000 |       +6.94% |  -9.74% | +17.49% |      4/6 |       +6.94%
   5 |   83900 |       +6.94% |  -9.74% | +17.49% |      4/6 |       +6.94%
  10 |   20500 |       +6.10% |  +0.00% | +16.59% |      6/6 |       +5.83%
  10 |   50000 |      +11.79% |  +3.03% | +19.26% |      6/6 |       +6.94%
  10 |   83900 |       +9.58% |  -2.13% | +17.47% |      5/6 |       +6.94%
  20 |   20500 |       +3.40% |  +0.00% | +16.55% |      6/6 |       -1.49%
  20 |   50000 |       +6.31% |  +0.00% | +17.44% |      6/6 |       +6.62%
  20 |   83900 |      +10.70% |  +0.00% | +19.22% |      6/6 |       +6.92%
  50 |   20500 |       +3.38% |  +0.00% | +16.42% |      6/6 |      -32.70%
  50 |   50000 |       +3.38% |  +0.00% | +16.42% |      6/6 |       -2.36%
  50 |   83900 |       +3.38% |  +0.00% | +16.42% |      6/6 |       +4.33%

[ANCHOR OK] bw=5 dpu=20500 seed0 NEWvsC0=+17.49% vs S24 +17.49%

[saved] /workspace/astra-sim/carts/sensitivity_gpd8_results.csv (72 rows)
